Setting options('download.file.method.GEOquery'='auto')
Setting options('GEOquery.inmemory.gpl'=FALSE)
Loading required package: Biobase
Loading required package: BiocGenerics

Attaching package: 'BiocGenerics'

The following objects are masked from 'package:stats':

    IQR, mad, sd, var, xtabs

The following objects are masked from 'package:base':

    anyDuplicated, aperm, append, as.data.frame, basename, cbind,
    colnames, dirname, do.call, duplicated, eval, evalq, Filter, Find,
    get, grep, grepl, intersect, is.unsorted, lapply, Map, mapply,
    match, mget, order, paste, pmax, pmax.int, pmin, pmin.int,
    Position, rank, rbind, Reduce, rownames, sapply, setdiff, table,
    tapply, union, unique, unsplit, which.max, which.min

Welcome to Bioconductor

    Vignettes contain introductory material; view with
    'browseVignettes()'. To cite Bioconductor, see
    'citation("Biobase")', and for packages 'citation("pkgname")'.

Using locally cached version of GSE13180 found here:
C:\Users\Rafael\repos\personal\geo_data_analysis2\geo_data_analysis\geo_data_analysis\data/GSE13180/GSE13180.soft.gz 
Reading file....
Parsing....
Found 25 entities...
GPL7535 (1 of 26 entities)
GSM333118 (2 of 26 entities)
GSM333119 (3 of 26 entities)
GSM333120 (4 of 26 entities)
GSM333121 (5 of 26 entities)
GSM333122 (6 of 26 entities)
GSM333123 (7 of 26 entities)
GSM333124 (8 of 26 entities)
GSM333125 (9 of 26 entities)
GSM333126 (10 of 26 entities)
GSM333127 (11 of 26 entities)
GSM333128 (12 of 26 entities)
GSM333129 (13 of 26 entities)
GSM333130 (14 of 26 entities)
GSM333131 (15 of 26 entities)
GSM333132 (16 of 26 entities)
GSM333133 (17 of 26 entities)
GSM333134 (18 of 26 entities)
GSM333135 (19 of 26 entities)
GSM333136 (20 of 26 entities)
GSM333137 (21 of 26 entities)
GSM333138 (22 of 26 entities)
GSM333139 (23 of 26 entities)
GSM333140 (24 of 26 entities)
GSM333141 (25 of 26 entities)
Warning messages:
1: In as.numeric(column) : NAs introduced by coercion
2: In as.numeric(column) : NAs introduced by coercion
3: In as.numeric(column) : NAs introduced by coercion
4: In as.numeric(column) : NAs introduced by coercion
5: In as.numeric(column) : NAs introduced by coercion
6: In as.numeric(column) : NAs introduced by coercion
7: In as.numeric(column) : NAs introduced by coercion
8: In as.numeric(column) : NAs introduced by coercion
9: In as.numeric(column) : NAs introduced by coercion
