Setting options('download.file.method.GEOquery'='auto')
Setting options('GEOquery.inmemory.gpl'=FALSE)
Loading required package: Biobase
Loading required package: BiocGenerics

Attaching package: 'BiocGenerics'

The following objects are masked from 'package:stats':

    IQR, mad, sd, var, xtabs

The following objects are masked from 'package:base':

    anyDuplicated, aperm, append, as.data.frame, basename, cbind,
    colnames, dirname, do.call, duplicated, eval, evalq, Filter, Find,
    get, grep, grepl, intersect, is.unsorted, lapply, Map, mapply,
    match, mget, order, paste, pmax, pmax.int, pmin, pmin.int,
    Position, rank, rbind, Reduce, rownames, sapply, setdiff, table,
    tapply, union, unique, unsplit, which.max, which.min

Welcome to Bioconductor

    Vignettes contain introductory material; view with
    'browseVignettes()'. To cite Bioconductor, see
    'citation("Biobase")', and for packages 'citation("pkgname")'.

Using locally cached version of GSE26187 found here:
C:\Users\Rafael\repos\personal\geo_data_analysis2\geo_data_analysis\geo_data_analysis\data/GSE26187/GSE26187.soft.gz 
Reading file....
Parsing....
Found 22 entities...
GPL534 (1 of 23 entities)
GSM642807 (2 of 23 entities)
GSM642808 (3 of 23 entities)
GSM642809 (4 of 23 entities)
GSM642810 (5 of 23 entities)
GSM642811 (6 of 23 entities)
GSM642812 (7 of 23 entities)
GSM642813 (8 of 23 entities)
GSM642832 (9 of 23 entities)
GSM642833 (10 of 23 entities)
GSM642834 (11 of 23 entities)
GSM642835 (12 of 23 entities)
GSM642836 (13 of 23 entities)
GSM642837 (14 of 23 entities)
GSM642838 (15 of 23 entities)
GSM642839 (16 of 23 entities)
GSM642840 (17 of 23 entities)
GSM642841 (18 of 23 entities)
GSM642842 (19 of 23 entities)
GSM642843 (20 of 23 entities)
GSM642844 (21 of 23 entities)
GSM642845 (22 of 23 entities)
Warning message:
series may be getting RATIOS not actual raw measures 
Warning messages:
1: In as.numeric(column) : NAs introduced by coercion
2: In as.numeric(column) : NAs introduced by coercion
3: In as.numeric(column) : NAs introduced by coercion
4: In as.numeric(column) : NAs introduced by coercion
5: In as.numeric(column) : NAs introduced by coercion
