Setting options('download.file.method.GEOquery'='auto')
Setting options('GEOquery.inmemory.gpl'=FALSE)
Loading required package: Biobase
Loading required package: BiocGenerics

Attaching package: 'BiocGenerics'

The following objects are masked from 'package:stats':

    IQR, mad, sd, var, xtabs

The following objects are masked from 'package:base':

    anyDuplicated, aperm, append, as.data.frame, basename, cbind,
    colnames, dirname, do.call, duplicated, eval, evalq, Filter, Find,
    get, grep, grepl, intersect, is.unsorted, lapply, Map, mapply,
    match, mget, order, paste, pmax, pmax.int, pmin, pmin.int,
    Position, rank, rbind, Reduce, rownames, sapply, setdiff, table,
    tapply, union, unique, unsplit, which.max, which.min

Welcome to Bioconductor

    Vignettes contain introductory material; view with
    'browseVignettes()'. To cite Bioconductor, see
    'citation("Biobase")', and for packages 'citation("pkgname")'.

Using locally cached version of GSE40693 found here:
C:\Users\Rafael\repos\personal\geo_data_analysis2\geo_data_analysis\geo_data_analysis\data/GSE40693/GSE40693.soft.gz 
Reading file....
Parsing....
Found 9 entities...
GPL3154 (1 of 10 entities)
GSM999245 (2 of 10 entities)
GSM999246 (3 of 10 entities)
GSM999247 (4 of 10 entities)
GSM999248 (5 of 10 entities)
GSM999249 (6 of 10 entities)
GSM999250 (7 of 10 entities)
GSM999251 (8 of 10 entities)
GSM999252 (9 of 10 entities)
There were 16 warnings (use warnings() to see them)
