Setting options('download.file.method.GEOquery'='auto')
Setting options('GEOquery.inmemory.gpl'=FALSE)
Loading required package: Biobase
Loading required package: BiocGenerics

Attaching package: 'BiocGenerics'

The following objects are masked from 'package:stats':

    IQR, mad, sd, var, xtabs

The following objects are masked from 'package:base':

    anyDuplicated, aperm, append, as.data.frame, basename, cbind,
    colnames, dirname, do.call, duplicated, eval, evalq, Filter, Find,
    get, grep, grepl, intersect, is.unsorted, lapply, Map, mapply,
    match, mget, order, paste, pmax, pmax.int, pmin, pmin.int,
    Position, rank, rbind, Reduce, rownames, sapply, setdiff, table,
    tapply, union, unique, unsplit, which.max, which.min

Welcome to Bioconductor

    Vignettes contain introductory material; view with
    'browseVignettes()'. To cite Bioconductor, see
    'citation("Biobase")', and for packages 'citation("pkgname")'.

Using locally cached version of GSE6992 found here:
C:\Users\Rafael\repos\personal\geo_data_analysis2\geo_data_analysis\geo_data_analysis\data/GSE6992/GSE6992.soft.gz 
Reading file....
Parsing....
Found 19 entities...
GPL3154 (1 of 20 entities)
GSM161201 (2 of 20 entities)
GSM161202 (3 of 20 entities)
GSM161203 (4 of 20 entities)
GSM161204 (5 of 20 entities)
GSM161205 (6 of 20 entities)
GSM161206 (7 of 20 entities)
GSM161207 (8 of 20 entities)
GSM161208 (9 of 20 entities)
GSM161209 (10 of 20 entities)
GSM161210 (11 of 20 entities)
GSM161211 (12 of 20 entities)
GSM161212 (13 of 20 entities)
GSM161213 (14 of 20 entities)
GSM161214 (15 of 20 entities)
GSM161215 (16 of 20 entities)
GSM161216 (17 of 20 entities)
GSM161217 (18 of 20 entities)
GSM161218 (19 of 20 entities)
There were 16 warnings (use warnings() to see them)
