Setting options('download.file.method.GEOquery'='auto')
Setting options('GEOquery.inmemory.gpl'=FALSE)
Loading required package: Biobase
Loading required package: BiocGenerics

Attaching package: 'BiocGenerics'

The following objects are masked from 'package:stats':

    IQR, mad, sd, var, xtabs

The following objects are masked from 'package:base':

    anyDuplicated, aperm, append, as.data.frame, basename, cbind,
    colnames, dirname, do.call, duplicated, eval, evalq, Filter, Find,
    get, grep, grepl, intersect, is.unsorted, lapply, Map, mapply,
    match, mget, order, paste, pmax, pmax.int, pmin, pmin.int,
    Position, rank, rbind, Reduce, rownames, sapply, setdiff, table,
    tapply, union, unique, unsplit, which.max, which.min

Welcome to Bioconductor

    Vignettes contain introductory material; view with
    'browseVignettes()'. To cite Bioconductor, see
    'citation("Biobase")', and for packages 'citation("pkgname")'.

Using locally cached version of GSE98505 found here:
C:\Users\Rafael\repos\personal\geo_data_analysis2\geo_data_analysis\geo_data_analysis\data/GSE98505/GSE98505.soft.gz 
Reading file....
Parsing....
Found 37 entities...
GPL3154 (1 of 38 entities)
GSM2597549 (2 of 38 entities)
GSM2597550 (3 of 38 entities)
GSM2597551 (4 of 38 entities)
GSM2597552 (5 of 38 entities)
GSM2597553 (6 of 38 entities)
GSM2597554 (7 of 38 entities)
GSM2597555 (8 of 38 entities)
GSM2597556 (9 of 38 entities)
GSM2597557 (10 of 38 entities)
GSM2597558 (11 of 38 entities)
GSM2597559 (12 of 38 entities)
GSM2597560 (13 of 38 entities)
GSM2597561 (14 of 38 entities)
GSM2597562 (15 of 38 entities)
GSM2597563 (16 of 38 entities)
GSM2597564 (17 of 38 entities)
GSM2597565 (18 of 38 entities)
GSM2597566 (19 of 38 entities)
GSM2597567 (20 of 38 entities)
GSM2597568 (21 of 38 entities)
GSM2597569 (22 of 38 entities)
GSM2597570 (23 of 38 entities)
GSM2597571 (24 of 38 entities)
GSM2597572 (25 of 38 entities)
GSM2597573 (26 of 38 entities)
GSM2597574 (27 of 38 entities)
GSM2597575 (28 of 38 entities)
GSM2597576 (29 of 38 entities)
GSM2597577 (30 of 38 entities)
GSM2597578 (31 of 38 entities)
GSM2597579 (32 of 38 entities)
GSM2597580 (33 of 38 entities)
GSM2597581 (34 of 38 entities)
GSM2597582 (35 of 38 entities)
GSM2597583 (36 of 38 entities)
GSM2597584 (37 of 38 entities)
There were 16 warnings (use warnings() to see them)
